<?xml version="1.0" encoding="UTF-8" ?>
<testsuite errors="0" failures="0" hostname="srikanth-desktop" name="com.test.SalesforceLoginJava" skipped="0" tests="1" time="17.066" timestamp="2015-11-24T06:52:42">
  <properties>
    <property name="java.vendor" value="Oracle Corporation" />
    <property name="sun.java.launcher" value="SUN_STANDARD" />
    <property name="eclipse.pdebuild.templates" value="/home/srikanth/softwares/eclipse/plugins/org.eclipse.pde.build_3.9.0.v20140415-2029/templates//" />
    <property name="sun.management.compiler" value="HotSpot 64-Bit Tiered Compilers" />
    <property name="os.name" value="Linux" />
    <property name="sun.boot.class.path" value="/usr/lib/jvm/java-7-oracle/jre/lib/resources.jar:/usr/lib/jvm/java-7-oracle/jre/lib/rt.jar:/usr/lib/jvm/java-7-oracle/jre/lib/sunrsasign.jar:/usr/lib/jvm/java-7-oracle/jre/lib/jsse.jar:/usr/lib/jvm/java-7-oracle/jre/lib/jce.jar:/usr/lib/jvm/java-7-oracle/jre/lib/charsets.jar:/usr/lib/jvm/java-7-oracle/jre/lib/jfr.jar:/usr/lib/jvm/java-7-oracle/jre/classes" />
    <property name="sun.desktop" value="gnome" />
    <property name="junitlib.dir" value="/home/srikanth/srikanth-projects/TestSalesforce/junitlib" />
    <property name="java.vm.specification.vendor" value="Oracle Corporation" />
    <property name="ant.home" value="/home/srikanth/softwares/eclipse/plugins/org.apache.ant_1.9.2.v201404171502" />
    <property name="java.runtime.version" value="1.7.0_80-b15" />
    <property name="reports.tests" value="/home/srikanth/srikanth-projects/TestSalesforce/rep" />
    <property name="user.name" value="srikanth" />
    <property name="build.dir" value="/home/srikanth/srikanth-projects/TestSalesforce/build" />
    <property name="user.language" value="en" />
    <property name="sun.boot.library.path" value="/usr/lib/jvm/java-7-oracle/jre/lib/amd64" />
    <property name="ant.project.default-target" value="all" />
    <property name="java.version" value="1.7.0_80" />
    <property name="user.timezone" value="" />
    <property name="sun.arch.data.model" value="64" />
    <property name="java.endorsed.dirs" value="/usr/lib/jvm/java-7-oracle/jre/lib/endorsed" />
    <property name="sun.cpu.isalist" value="" />
    <property name="sun.jnu.encoding" value="UTF-8" />
    <property name="file.encoding.pkg" value="sun.io" />
    <property name="file.separator" value="/" />
    <property name="java.specification.name" value="Java Platform API Specification" />
    <property name="java.class.version" value="51.0" />
    <property name="user.country" value="IN" />
    <property name="java.home" value="/usr/lib/jvm/java-7-oracle/jre" />
    <property name="java.vm.info" value="mixed mode" />
    <property name="ant.file" value="/home/srikanth/srikanth-projects/TestSalesforce/build.xml" />
    <property name="os.version" value="3.19.0-31-generic" />
    <property name="TALK" value="true" />
    <property name="path.separator" value=":" />
    <property name="java.vm.version" value="24.80-b11" />
    <property name="ant.library.dir" value="/home/srikanth/softwares/eclipse/plugins/org.apache.ant_1.9.2.v201404171502/lib" />
    <property name="java.awt.printerjob" value="sun.print.PSPrinterJob" />
    <property name="sun.io.unicode.encoding" value="UnicodeLittle" />
    <property name="awt.toolkit" value="sun.awt.X11.XToolkit" />
    <property name="eclipse.pdebuild.scripts" value="/home/srikanth/softwares/eclipse/plugins/org.eclipse.pde.build_3.9.0.v20140415-2029/scripts//" />
    <property name="user.home" value="/home/srikanth" />
    <property name="java.specification.vendor" value="Oracle Corporation" />
    <property name="test.dir" value="/home/srikanth/srikanth-projects/TestSalesforce/test" />
    <property name="java.library.path" value="/usr/lib/jvm/java-7-oracle/jre/lib/amd64/server:/usr/lib/jvm/java-7-oracle/jre/lib/amd64:/usr/lib/jvm/java-7-oracle/jre/../lib/amd64:/usr/lib/jvm/jdk1.6.0_45/jre/lib/amd64/server:/usr/lib/jvm/jdk1.6.0_45/jre/lib/amd64:/usr/lib/jvm/jdk1.6.0_45/jre/../lib/amd64:/usr/java/packages/lib/amd64:/usr/lib64:/lib64:/lib:/usr/lib" />
    <property name="java.vendor.url" value="http://java.oracle.com/" />
    <property name="java.vm.vendor" value="Oracle Corporation" />
    <property name="java.runtime.name" value="Java(TM) SE Runtime Environment" />
    <property name="sun.java.command" value="org.apache.tools.ant.taskdefs.optional.junit.JUnitTestRunner com.test.SalesforceLoginJava filtertrace=true haltOnError=false haltOnFailure=false formatter=org.apache.tools.ant.taskdefs.optional.junit.SummaryJUnitResultFormatter showoutput=false outputtoformatters=true logfailedtests=true logtestlistenerevents=false formatter=org.apache.tools.ant.taskdefs.optional.junit.PlainJUnitResultFormatter,/home/srikanth/srikanth-projects/TestSalesforce/rep/TEST-com.test.SalesforceLoginJava.txt formatter=org.apache.tools.ant.taskdefs.optional.junit.XMLJUnitResultFormatter,/home/srikanth/srikanth-projects/TestSalesforce/rep/TEST-com.test.SalesforceLoginJava.xml crashfile=/home/srikanth/srikanth-projects/TestSalesforce/junitvmwatcher8856224856953580872.properties propsfile=/home/srikanth/srikanth-projects/TestSalesforce/junit2493395089797311017.properties" />
    <property name="java.class.path" value="/home/srikanth/srikanth-projects/TestSalesforce/junitlib/hamcrest-core-1.3.jar:/home/srikanth/srikanth-projects/TestSalesforce/junitlib/junit-4.12.jar:/home/srikanth/srikanth-projects/TestSalesforce/libs/apache-mime4j-0.6.jar:/home/srikanth/srikanth-projects/TestSalesforce/libs/bsh-2.0b4.jar:/home/srikanth/srikanth-projects/TestSalesforce/libs/cglib-nodep-2.1_3.jar:/home/srikanth/srikanth-projects/TestSalesforce/libs/commons-codec-1.10.jar:/home/srikanth/srikanth-projects/TestSalesforce/libs/commons-collections-3.2.1.jar:/home/srikanth/srikanth-projects/TestSalesforce/libs/commons-el-1.0.jar:/home/srikanth/srikanth-projects/TestSalesforce/libs/commons-exec-1.3.jar:/home/srikanth/srikanth-projects/TestSalesforce/libs/commons-io-2.4.jar:/home/srikanth/srikanth-projects/TestSalesforce/libs/commons-lang3-3.4.jar:/home/srikanth/srikanth-projects/TestSalesforce/libs/commons-logging-1.2.jar:/home/srikanth/srikanth-projects/TestSalesforce/libs/cssparser-0.9.16.jar:/home/srikanth/srikanth-projects/TestSalesforce/libs/gson-2.3.1.jar:/home/srikanth/srikanth-projects/TestSalesforce/libs/guava-18.0.jar:/home/srikanth/srikanth-projects/TestSalesforce/libs/hamcrest-core-1.3.jar:/home/srikanth/srikanth-projects/TestSalesforce/libs/hamcrest-library-1.3.jar:/home/srikanth/srikanth-projects/TestSalesforce/libs/htmlunit-2.18.jar:/home/srikanth/srikanth-projects/TestSalesforce/libs/htmlunit-core-js-2.17.jar:/home/srikanth/srikanth-projects/TestSalesforce/libs/httpclient-4.5.1.jar:/home/srikanth/srikanth-projects/TestSalesforce/libs/httpcore-4.4.3.jar:/home/srikanth/srikanth-projects/TestSalesforce/libs/httpmime-4.5.jar:/home/srikanth/srikanth-projects/TestSalesforce/libs/jasper-compiler-5.5.15.jar:/home/srikanth/srikanth-projects/TestSalesforce/libs/jasper-compiler-jdt-5.5.15.jar:/home/srikanth/srikanth-projects/TestSalesforce/libs/jasper-runtime-5.5.15.jar:/home/srikanth/srikanth-projects/TestSalesforce/libs/javax.servlet-api-3.1.0.jar:/home/srikanth/srikanth-projects/TestSalesforce/libs/jcommander-1.48.jar:/home/srikanth/srikanth-projects/TestSalesforce/libs/jetty-continuation-9.2.13.v20150730.jar:/home/srikanth/srikanth-projects/TestSalesforce/libs/jetty-http-9.2.13.v20150730.jar:/home/srikanth/srikanth-projects/TestSalesforce/libs/jetty-io-9.2.13.v20150730.jar:/home/srikanth/srikanth-projects/TestSalesforce/libs/jetty-jmx-9.2.13.v20150730.jar:/home/srikanth/srikanth-projects/TestSalesforce/libs/jetty-security-9.2.13.v20150730.jar:/home/srikanth/srikanth-projects/TestSalesforce/libs/jetty-server-9.2.13.v20150730.jar:/home/srikanth/srikanth-projects/TestSalesforce/libs/jetty-servlet-9.2.13.v20150730.jar:/home/srikanth/srikanth-projects/TestSalesforce/libs/jetty-servlets-9.2.13.v20150730.jar:/home/srikanth/srikanth-projects/TestSalesforce/libs/jetty-util-9.2.13.v20150730.jar:/home/srikanth/srikanth-projects/TestSalesforce/libs/jna-4.1.0.jar:/home/srikanth/srikanth-projects/TestSalesforce/libs/jna-platform-4.1.0.jar:/home/srikanth/srikanth-projects/TestSalesforce/libs/jsp-api-2.0.jar:/home/srikanth/srikanth-projects/TestSalesforce/libs/junit-4.12.jar:/home/srikanth/srikanth-projects/TestSalesforce/libs/nekohtml-1.9.22.jar:/home/srikanth/srikanth-projects/TestSalesforce/libs/netty-3.5.7.Final.jar:/home/srikanth/srikanth-projects/TestSalesforce/libs/phantomjsdriver-1.2.1.jar:/home/srikanth/srikanth-projects/TestSalesforce/libs/sac-1.3.jar:/home/srikanth/srikanth-projects/TestSalesforce/libs/selenium-java-2.48.2.jar:/home/srikanth/srikanth-projects/TestSalesforce/libs/serializer-2.7.2.jar:/home/srikanth/srikanth-projects/TestSalesforce/libs/testng-6.9.6.jar:/home/srikanth/srikanth-projects/TestSalesforce/libs/websocket-api-9.2.13.v20150730.jar:/home/srikanth/srikanth-projects/TestSalesforce/libs/websocket-client-9.2.13.v20150730.jar:/home/srikanth/srikanth-projects/TestSalesforce/libs/websocket-common-9.2.13.v20150730.jar:/home/srikanth/srikanth-projects/TestSalesforce/libs/xalan-2.7.2.jar:/home/srikanth/srikanth-projects/TestSalesforce/libs/xercesImpl-2.11.0.jar:/home/srikanth/srikanth-projects/TestSalesforce/libs/xml-apis-1.4.01.jar:/home/srikanth/srikanth-projects/TestSalesforce/build:/home/srikanth/softwares/eclipse/plugins/org.apache.ant_1.9.2.v201404171502/lib/ant-launcher.jar:/home/srikanth/softwares/eclipse/plugins/org.apache.ant_1.9.2.v201404171502/lib/ant.jar:/home/srikanth/softwares/eclipse/plugins/org.apache.ant_1.9.2.v201404171502/lib/ant-junit.jar:/home/srikanth/softwares/eclipse/plugins/org.apache.ant_1.9.2.v201404171502/lib/ant-junit4.jar" />
    <property name="ant.version" value="Apache Ant(TM) version 1.9.2 compiled on July 8 2013" />
    <property name="libs.dir" value="/home/srikanth/srikanth-projects/TestSalesforce/libs" />
    <property name="java.vm.specification.name" value="Java Virtual Machine Specification" />
    <property name="java.vm.specification.version" value="1.7" />
    <property name="sun.cpu.endian" value="little" />
    <property name="sun.os.patch.level" value="unknown" />
    <property name="eclipse.pdebuild.home" value="/home/srikanth/softwares/eclipse/plugins/org.eclipse.pde.build_3.9.0.v20140415-2029/.//" />
    <property name="java.io.tmpdir" value="/tmp" />
    <property name="java.vendor.url.bug" value="http://bugreport.sun.com/bugreport/" />
    <property name="tst-dir" value="/home/srikanth/srikanth-projects/TestSalesforce/src" />
    <property name="os.arch" value="amd64" />
    <property name="java.awt.graphicsenv" value="sun.awt.X11GraphicsEnvironment" />
    <property name="java.ext.dirs" value="/usr/lib/jvm/java-7-oracle/jre/lib/ext:/usr/java/packages/lib/ext" />
    <property name="user.dir" value="/home/srikanth/srikanth-projects/TestSalesforce" />
    <property name="line.separator" value="&#xa;" />
    <property name="java.vm.name" value="Java HotSpot(TM) 64-Bit Server VM" />
    <property name="basedir" value="/home/srikanth/srikanth-projects/TestSalesforce" />
    <property name="ant.java.version" value="1.7" />
    <property name="ant.core.lib" value="/home/srikanth/softwares/eclipse/plugins/org.apache.ant_1.9.2.v201404171502/lib/ant.jar" />
    <property name="file.encoding" value="UTF-8" />
    <property name="java.specification.version" value="1.7" />
    <property name="src.dir" value="/home/srikanth/srikanth-projects/TestSalesforce/src" />
    <property name="ant.project.invoked-targets" value="all" />
  </properties>
  <testcase classname="com.test.SalesforceLoginJava" name="testSalesforceLoginJava" time="16.957" />
  <system-out><![CDATA[]]></system-out>
  <system-err><![CDATA[]]></system-err>
</testsuite>
